2025-07-28 21:32:31,111 - INFO - Starting GitHub Statistics Tracker for Obsidian
2025-07-28 21:32:31,112 - INFO - Checking configuration...
2025-07-28 21:32:31,113 - INFO - Configuration check passed
2025-07-28 21:32:31,113 - INFO - Initializing GitHub statistics tracker...
2025-07-28 21:32:31,113 - INFO - Initializing Obsidian updater...
2025-07-28 21:32:31,114 - INFO - Fetching GitHub commits for the last 60 days...
2025-07-28 21:32:31,114 - INFO - Starting to fetch commits for the last 60 days
2025-07-28 21:32:31,114 - INFO - Date range: 2025-05-29 to 2025-07-28
2025-07-28 21:32:31,115 - INFO - Fetching repositories for user: Rupali59
2025-07-28 21:32:32,765 - INFO - Found 19 repositories
2025-07-28 21:32:32,778 - INFO - Fetching commits for repository: AdminLTE
2025-07-28 21:32:32,780 - INFO - Date range: 2025-05-29 to 2025-07-28
2025-07-28 21:32:33,772 - INFO - Total commits found for AdminLTE: 0
2025-07-28 21:32:33,779 - INFO - Fetching commits for repository: coding-interview-university
2025-07-28 21:32:33,780 - INFO - Date range: 2025-05-29 to 2025-07-28
2025-07-28 21:32:34,815 - INFO - Total commits found for coding-interview-university: 0
2025-07-28 21:32:34,822 - INFO - Fetching commits for repository: dynamic-data
2025-07-28 21:32:34,823 - INFO - Date range: 2025-05-29 to 2025-07-28
2025-07-28 21:32:35,760 - INFO - Total commits found for dynamic-data: 0
2025-07-28 21:32:35,766 - INFO - Fetching commits for repository: geektrust-problems
2025-07-28 21:32:35,767 - INFO - Date range: 2025-05-29 to 2025-07-28
2025-07-28 21:32:36,933 - INFO - Total commits found for geektrust-problems: 3
2025-07-28 21:32:36,941 - INFO - Fetching commits for repository: Go
2025-07-28 21:32:36,942 - INFO - Date range: 2025-05-29 to 2025-07-28
2025-07-28 21:32:37,912 - INFO - Total commits found for Go: 0
2025-07-28 21:32:37,921 - INFO - Fetching commits for repository: iNeuron
2025-07-28 21:32:37,921 - INFO - Date range: 2025-05-29 to 2025-07-28
2025-07-28 21:32:39,224 - INFO - Total commits found for iNeuron: 0
2025-07-28 21:32:39,233 - INFO - Fetching commits for repository: learning
2025-07-28 21:32:39,234 - INFO - Date range: 2025-05-29 to 2025-07-28
2025-07-28 21:32:40,199 - INFO - Total commits found for learning: 0
2025-07-28 21:32:40,206 - INFO - Fetching commits for repository: Leetcode
2025-07-28 21:32:40,207 - INFO - Date range: 2025-05-29 to 2025-07-28
2025-07-28 21:32:41,152 - INFO - Total commits found for Leetcode: 0
2025-07-28 21:32:41,159 - INFO - Fetching commits for repository: parking_lot
2025-07-28 21:32:41,161 - INFO - Date range: 2025-05-29 to 2025-07-28
2025-07-28 21:32:42,165 - INFO - Total commits found for parking_lot: 0
2025-07-28 21:32:42,172 - INFO - Fetching commits for repository: personal_website
2025-07-28 21:32:42,173 - INFO - Date range: 2025-05-29 to 2025-07-28
2025-07-28 21:32:43,203 - INFO - Total commits found for personal_website: 1
2025-07-28 21:32:43,209 - INFO - Fetching commits for repository: pr-assignments
2025-07-28 21:32:43,211 - INFO - Date range: 2025-05-29 to 2025-07-28
2025-07-28 21:32:44,206 - INFO - Total commits found for pr-assignments: 0
2025-07-28 21:32:44,213 - INFO - Fetching commits for repository: ProgramSnippets
2025-07-28 21:32:44,214 - INFO - Date range: 2025-05-29 to 2025-07-28
2025-07-28 21:32:45,202 - INFO - Total commits found for ProgramSnippets: 1
2025-07-28 21:32:45,209 - INFO - Fetching commits for repository: quartz
2025-07-28 21:32:45,210 - INFO - Date range: 2025-05-29 to 2025-07-28
2025-07-28 21:32:46,452 - INFO - Total commits found for quartz: 46
2025-07-28 21:32:46,459 - INFO - Fetching commits for repository: rms-consolidated-scrips-status
2025-07-28 21:32:46,461 - INFO - Date range: 2025-05-29 to 2025-07-28
2025-07-28 21:32:47,570 - INFO - Total commits found for rms-consolidated-scrips-status: 0
2025-07-28 21:32:47,577 - INFO - Fetching commits for repository: Rupali59
2025-07-28 21:32:47,578 - INFO - Date range: 2025-05-29 to 2025-07-28
2025-07-28 21:32:48,637 - INFO - Total commits found for Rupali59: 10
2025-07-28 21:32:48,644 - INFO - Fetching commits for repository: system-design-primer
2025-07-28 21:32:48,645 - INFO - Date range: 2025-05-29 to 2025-07-28
2025-07-28 21:32:49,620 - INFO - Total commits found for system-design-primer: 0
2025-07-28 21:32:49,627 - INFO - Fetching commits for repository: SystemDesign
2025-07-28 21:32:49,628 - INFO - Date range: 2025-05-29 to 2025-07-28
2025-07-28 21:32:50,654 - INFO - Total commits found for SystemDesign: 0
2025-07-28 21:32:50,661 - INFO - Fetching commits for repository: TechBlogs
2025-07-28 21:32:50,662 - INFO - Date range: 2025-05-29 to 2025-07-28
2025-07-28 21:32:51,650 - INFO - Total commits found for TechBlogs: 0
2025-07-28 21:32:51,658 - INFO - Fetching commits for repository: tracker
2025-07-28 21:32:51,659 - INFO - Date range: 2025-05-29 to 2025-07-28
2025-07-28 21:32:52,704 - INFO - Total commits found for tracker: 1
2025-07-28 21:32:52,712 - INFO - Total commits collected: 62
2025-07-28 21:34:04,189 - INFO - Organized commits into 17 days
2025-07-28 21:34:04,190 - INFO -   2025-06-10: 2 commits
2025-07-28 21:34:04,191 - INFO -   2025-06-06: 1 commits
2025-07-28 21:34:04,192 - INFO -   2025-06-26: 8 commits
2025-07-28 21:34:04,193 - INFO -   2025-07-08: 5 commits
2025-07-28 21:34:04,194 - INFO -   2025-07-28: 3 commits
2025-07-28 21:34:04,195 - INFO -   2025-07-25: 1 commits
2025-07-28 21:34:04,196 - INFO -   2025-07-23: 1 commits
2025-07-28 21:34:04,197 - INFO -   2025-07-17: 8 commits
2025-07-28 21:34:04,198 - INFO -   2025-07-11: 4 commits
2025-07-28 21:34:04,200 - INFO -   2025-07-10: 3 commits
2025-07-28 21:34:04,200 - INFO -   2025-07-05: 1 commits
2025-07-28 21:34:04,201 - INFO -   2025-07-03: 1 commits
2025-07-28 21:34:04,203 - INFO -   2025-07-01: 5 commits
2025-07-28 21:34:04,204 - INFO -   2025-06-30: 4 commits
2025-07-28 21:34:04,205 - INFO -   2025-06-29: 5 commits
2025-07-28 21:34:04,210 - INFO -   2025-06-24: 8 commits
2025-07-28 21:34:04,211 - INFO -   2025-06-21: 2 commits
2025-07-28 21:34:04,213 - INFO - Found 62 commits across 17 days
2025-07-28 21:34:04,214 - INFO - Starting to update Obsidian daily notes...
2025-07-28 21:34:04,216 - INFO - Starting backfill for 17 days
2025-07-28 21:34:04,280 - INFO - Processing 2025-06-10: 2 commits
2025-07-28 21:34:04,282 - INFO - Updating daily note for 2025-06-10 with 2 commits
2025-07-28 21:34:04,284 - INFO - Updating existing daily note for 2025-06-10
2025-07-28 21:34:04,284 - INFO - Writing daily note: D:\Study tracker\Calendar\2025\June\10-06-2025.md
2025-07-28 21:34:04,285 - INFO - Successfully updated daily note: D:\Study tracker\Calendar\2025\June\10-06-2025.md
2025-07-28 21:34:04,286 - INFO - Processing 2025-06-06: 1 commits
2025-07-28 21:34:04,286 - INFO - Updating daily note for 2025-06-06 with 1 commits
2025-07-28 21:34:04,287 - INFO - Updating existing daily note for 2025-06-06
2025-07-28 21:34:04,288 - INFO - Writing daily note: D:\Study tracker\Calendar\2025\June\06-06-2025.md
2025-07-28 21:34:04,289 - INFO - Successfully updated daily note: D:\Study tracker\Calendar\2025\June\06-06-2025.md
2025-07-28 21:34:04,290 - INFO - Processing 2025-06-26: 8 commits
2025-07-28 21:34:04,291 - INFO - Updating daily note for 2025-06-26 with 8 commits
2025-07-28 21:34:04,291 - INFO - Updating existing daily note for 2025-06-26
2025-07-28 21:34:04,293 - INFO - Writing daily note: D:\Study tracker\Calendar\2025\June\26-06-2025.md
2025-07-28 21:34:04,294 - INFO - Successfully updated daily note: D:\Study tracker\Calendar\2025\June\26-06-2025.md
2025-07-28 21:34:04,295 - INFO - Processing 2025-07-08: 5 commits
2025-07-28 21:34:04,296 - INFO - Updating daily note for 2025-07-08 with 5 commits
2025-07-28 21:34:04,296 - INFO - Updating existing daily note for 2025-07-08
2025-07-28 21:34:04,297 - INFO - Writing daily note: D:\Study tracker\Calendar\2025\July\08-07-2025.md
2025-07-28 21:34:04,298 - INFO - Successfully updated daily note: D:\Study tracker\Calendar\2025\July\08-07-2025.md
2025-07-28 21:34:04,299 - INFO - Processing 2025-07-28: 3 commits
2025-07-28 21:34:04,299 - INFO - Updating daily note for 2025-07-28 with 3 commits
2025-07-28 21:34:04,300 - INFO - Daily note does not exist: D:\Study tracker\Calendar\2025\July\28-07-2025.md
2025-07-28 21:34:04,300 - INFO - Creating new daily note for 2025-07-28
2025-07-28 21:34:04,300 - INFO - Writing daily note: D:\Study tracker\Calendar\2025\July\28-07-2025.md
2025-07-28 21:34:04,301 - INFO - Successfully updated daily note: D:\Study tracker\Calendar\2025\July\28-07-2025.md
2025-07-28 21:34:04,302 - INFO - Processing 2025-07-25: 1 commits
2025-07-28 21:34:04,302 - INFO - Updating daily note for 2025-07-25 with 1 commits
2025-07-28 21:34:04,303 - INFO - Daily note does not exist: D:\Study tracker\Calendar\2025\July\25-07-2025.md
2025-07-28 21:34:04,303 - INFO - Creating new daily note for 2025-07-25
2025-07-28 21:34:04,304 - INFO - Writing daily note: D:\Study tracker\Calendar\2025\July\25-07-2025.md
2025-07-28 21:34:04,305 - INFO - Successfully updated daily note: D:\Study tracker\Calendar\2025\July\25-07-2025.md
2025-07-28 21:34:04,306 - INFO - Processing 2025-07-23: 1 commits
2025-07-28 21:34:04,307 - INFO - Updating daily note for 2025-07-23 with 1 commits
2025-07-28 21:34:04,308 - INFO - Daily note does not exist: D:\Study tracker\Calendar\2025\July\23-07-2025.md
2025-07-28 21:34:04,308 - INFO - Creating new daily note for 2025-07-23
2025-07-28 21:34:04,309 - INFO - Writing daily note: D:\Study tracker\Calendar\2025\July\23-07-2025.md
2025-07-28 21:34:04,310 - INFO - Successfully updated daily note: D:\Study tracker\Calendar\2025\July\23-07-2025.md
2025-07-28 21:34:04,311 - INFO - Processing 2025-07-17: 8 commits
2025-07-28 21:34:04,312 - INFO - Updating daily note for 2025-07-17 with 8 commits
2025-07-28 21:34:04,312 - INFO - Updating existing daily note for 2025-07-17
2025-07-28 21:34:04,313 - INFO - Writing daily note: D:\Study tracker\Calendar\2025\July\17-07-2025.md
2025-07-28 21:34:04,314 - INFO - Successfully updated daily note: D:\Study tracker\Calendar\2025\July\17-07-2025.md
2025-07-28 21:34:04,316 - INFO - Processing 2025-07-11: 4 commits
2025-07-28 21:34:04,316 - INFO - Updating daily note for 2025-07-11 with 4 commits
2025-07-28 21:34:04,317 - INFO - Updating existing daily note for 2025-07-11
2025-07-28 21:34:04,318 - INFO - Writing daily note: D:\Study tracker\Calendar\2025\July\11-07-2025.md
2025-07-28 21:34:04,319 - INFO - Successfully updated daily note: D:\Study tracker\Calendar\2025\July\11-07-2025.md
2025-07-28 21:34:04,320 - INFO - Processing 2025-07-10: 3 commits
2025-07-28 21:34:04,321 - INFO - Updating daily note for 2025-07-10 with 3 commits
2025-07-28 21:34:04,322 - INFO - Updating existing daily note for 2025-07-10
2025-07-28 21:34:04,328 - INFO - Writing daily note: D:\Study tracker\Calendar\2025\July\10-07-2025.md
2025-07-28 21:34:04,332 - INFO - Successfully updated daily note: D:\Study tracker\Calendar\2025\July\10-07-2025.md
2025-07-28 21:34:04,333 - INFO - Processing 2025-07-05: 1 commits
2025-07-28 21:34:04,334 - INFO - Updating daily note for 2025-07-05 with 1 commits
2025-07-28 21:34:04,334 - INFO - Daily note does not exist: D:\Study tracker\Calendar\2025\July\05-07-2025.md
2025-07-28 21:34:04,335 - INFO - Creating new daily note for 2025-07-05
2025-07-28 21:34:04,336 - INFO - Writing daily note: D:\Study tracker\Calendar\2025\July\05-07-2025.md
2025-07-28 21:34:04,337 - INFO - Successfully updated daily note: D:\Study tracker\Calendar\2025\July\05-07-2025.md
2025-07-28 21:34:04,337 - INFO - Processing 2025-07-03: 1 commits
2025-07-28 21:34:04,338 - INFO - Updating daily note for 2025-07-03 with 1 commits
2025-07-28 21:34:04,338 - INFO - Daily note does not exist: D:\Study tracker\Calendar\2025\July\03-07-2025.md
2025-07-28 21:34:04,339 - INFO - Creating new daily note for 2025-07-03
2025-07-28 21:34:04,340 - INFO - Writing daily note: D:\Study tracker\Calendar\2025\July\03-07-2025.md
2025-07-28 21:34:04,341 - INFO - Successfully updated daily note: D:\Study tracker\Calendar\2025\July\03-07-2025.md
2025-07-28 21:34:04,342 - INFO - Processing 2025-07-01: 5 commits
2025-07-28 21:34:04,343 - INFO - Updating daily note for 2025-07-01 with 5 commits
2025-07-28 21:34:04,344 - INFO - Updating existing daily note for 2025-07-01
2025-07-28 21:34:04,344 - INFO - Writing daily note: D:\Study tracker\Calendar\2025\July\01-07-2025.md
2025-07-28 21:34:04,345 - INFO - Successfully updated daily note: D:\Study tracker\Calendar\2025\July\01-07-2025.md
2025-07-28 21:34:04,346 - INFO - Processing 2025-06-30: 4 commits
2025-07-28 21:34:04,346 - INFO - Updating daily note for 2025-06-30 with 4 commits
2025-07-28 21:34:04,347 - INFO - Updating existing daily note for 2025-06-30
2025-07-28 21:34:04,348 - INFO - Writing daily note: D:\Study tracker\Calendar\2025\June\30-06-2025.md
2025-07-28 21:34:04,349 - INFO - Successfully updated daily note: D:\Study tracker\Calendar\2025\June\30-06-2025.md
2025-07-28 21:34:04,350 - INFO - Processing 2025-06-29: 5 commits
2025-07-28 21:34:04,350 - INFO - Updating daily note for 2025-06-29 with 5 commits
2025-07-28 21:34:04,351 - INFO - Updating existing daily note for 2025-06-29
2025-07-28 21:34:04,351 - INFO - Writing daily note: D:\Study tracker\Calendar\2025\June\29-06-2025.md
2025-07-28 21:34:04,353 - INFO - Successfully updated daily note: D:\Study tracker\Calendar\2025\June\29-06-2025.md
2025-07-28 21:34:04,354 - INFO - Processing 2025-06-24: 8 commits
2025-07-28 21:34:04,356 - INFO - Updating daily note for 2025-06-24 with 8 commits
2025-07-28 21:34:04,358 - INFO - Updating existing daily note for 2025-06-24
2025-07-28 21:34:04,359 - INFO - Writing daily note: D:\Study tracker\Calendar\2025\June\24-06-2025.md
2025-07-28 21:34:04,363 - INFO - Successfully updated daily note: D:\Study tracker\Calendar\2025\June\24-06-2025.md
2025-07-28 21:34:04,364 - INFO - Processing 2025-06-21: 2 commits
2025-07-28 21:34:04,365 - INFO - Updating daily note for 2025-06-21 with 2 commits
2025-07-28 21:34:04,366 - INFO - Updating existing daily note for 2025-06-21
2025-07-28 21:34:04,367 - INFO - Writing daily note: D:\Study tracker\Calendar\2025\June\21-06-2025.md
2025-07-28 21:34:04,368 - INFO - Successfully updated daily note: D:\Study tracker\Calendar\2025\June\21-06-2025.md
2025-07-28 21:34:04,368 - INFO - Backfill completed
2025-07-28 21:34:04,369 - INFO - Creating daily notes for all days in range...
2025-07-28 21:34:04,369 - INFO - Creating daily notes for range: 2025-05-29 to 2025-07-28
2025-07-28 21:34:04,370 - INFO - Daily note does not exist: D:\Study tracker\Calendar\2025\May\29-05-2025.md
2025-07-28 21:34:04,371 - INFO - Creating daily note for 2025-05-29 (no existing file)
2025-07-28 21:34:04,371 - INFO - Updating daily note for 2025-05-29 with 0 commits
2025-07-28 21:34:04,371 - INFO - Daily note does not exist: D:\Study tracker\Calendar\2025\May\29-05-2025.md
2025-07-28 21:34:04,372 - INFO - Creating new daily note for 2025-05-29
2025-07-28 21:34:04,373 - INFO - Writing daily note: D:\Study tracker\Calendar\2025\May\29-05-2025.md
2025-07-28 21:34:04,374 - INFO - Creating directory: D:\Study tracker\Calendar\2025\May
2025-07-28 21:34:04,375 - INFO - Successfully updated daily note: D:\Study tracker\Calendar\2025\May\29-05-2025.md
2025-07-28 21:34:04,376 - INFO - Daily note does not exist: D:\Study tracker\Calendar\2025\May\30-05-2025.md
2025-07-28 21:34:04,377 - INFO - Creating daily note for 2025-05-30 (no existing file)
2025-07-28 21:34:04,377 - INFO - Updating daily note for 2025-05-30 with 0 commits
2025-07-28 21:34:04,378 - INFO - Daily note does not exist: D:\Study tracker\Calendar\2025\May\30-05-2025.md
2025-07-28 21:34:04,378 - INFO - Creating new daily note for 2025-05-30
2025-07-28 21:34:04,379 - INFO - Writing daily note: D:\Study tracker\Calendar\2025\May\30-05-2025.md
2025-07-28 21:34:04,380 - INFO - Successfully updated daily note: D:\Study tracker\Calendar\2025\May\30-05-2025.md
2025-07-28 21:34:04,381 - INFO - Daily note does not exist: D:\Study tracker\Calendar\2025\May\31-05-2025.md
2025-07-28 21:34:04,381 - INFO - Creating daily note for 2025-05-31 (no existing file)
2025-07-28 21:34:04,382 - INFO - Updating daily note for 2025-05-31 with 0 commits
2025-07-28 21:34:04,382 - INFO - Daily note does not exist: D:\Study tracker\Calendar\2025\May\31-05-2025.md
2025-07-28 21:34:04,383 - INFO - Creating new daily note for 2025-05-31
2025-07-28 21:34:04,383 - INFO - Writing daily note: D:\Study tracker\Calendar\2025\May\31-05-2025.md
2025-07-28 21:34:04,384 - INFO - Successfully updated daily note: D:\Study tracker\Calendar\2025\May\31-05-2025.md
2025-07-28 21:34:04,385 - INFO - Daily note already exists for 2025-06-01, adding GitHub section if missing
2025-07-28 21:34:04,386 - INFO - Adding GitHub section to existing daily note for 2025-06-01
2025-07-28 21:34:04,386 - INFO - Updating daily note for 2025-06-01 with 0 commits
2025-07-28 21:34:04,387 - INFO - Updating existing daily note for 2025-06-01
2025-07-28 21:34:04,389 - INFO - Writing daily note: D:\Study tracker\Calendar\2025\June\01-06-2025.md
2025-07-28 21:34:04,391 - INFO - Successfully updated daily note: D:\Study tracker\Calendar\2025\June\01-06-2025.md
2025-07-28 21:34:04,394 - INFO - Daily note does not exist: D:\Study tracker\Calendar\2025\June\02-06-2025.md
2025-07-28 21:34:04,395 - INFO - Creating daily note for 2025-06-02 (no existing file)
2025-07-28 21:34:04,397 - INFO - Updating daily note for 2025-06-02 with 0 commits
2025-07-28 21:34:04,398 - INFO - Daily note does not exist: D:\Study tracker\Calendar\2025\June\02-06-2025.md
2025-07-28 21:34:04,399 - INFO - Creating new daily note for 2025-06-02
2025-07-28 21:34:04,400 - INFO - Writing daily note: D:\Study tracker\Calendar\2025\June\02-06-2025.md
2025-07-28 21:34:04,401 - INFO - Successfully updated daily note: D:\Study tracker\Calendar\2025\June\02-06-2025.md
2025-07-28 21:34:04,402 - INFO - Daily note does not exist: D:\Study tracker\Calendar\2025\June\03-06-2025.md
2025-07-28 21:34:04,402 - INFO - Creating daily note for 2025-06-03 (no existing file)
2025-07-28 21:34:04,403 - INFO - Updating daily note for 2025-06-03 with 0 commits
2025-07-28 21:34:04,403 - INFO - Daily note does not exist: D:\Study tracker\Calendar\2025\June\03-06-2025.md
2025-07-28 21:34:04,404 - INFO - Creating new daily note for 2025-06-03
2025-07-28 21:34:04,404 - INFO - Writing daily note: D:\Study tracker\Calendar\2025\June\03-06-2025.md
2025-07-28 21:34:04,405 - INFO - Successfully updated daily note: D:\Study tracker\Calendar\2025\June\03-06-2025.md
2025-07-28 21:34:04,408 - INFO - Daily note does not exist: D:\Study tracker\Calendar\2025\June\04-06-2025.md
2025-07-28 21:34:04,408 - INFO - Creating daily note for 2025-06-04 (no existing file)
2025-07-28 21:34:04,409 - INFO - Updating daily note for 2025-06-04 with 0 commits
2025-07-28 21:34:04,410 - INFO - Daily note does not exist: D:\Study tracker\Calendar\2025\June\04-06-2025.md
2025-07-28 21:34:04,410 - INFO - Creating new daily note for 2025-06-04
2025-07-28 21:34:04,411 - INFO - Writing daily note: D:\Study tracker\Calendar\2025\June\04-06-2025.md
2025-07-28 21:34:04,412 - INFO - Successfully updated daily note: D:\Study tracker\Calendar\2025\June\04-06-2025.md
2025-07-28 21:34:04,412 - INFO - Daily note does not exist: D:\Study tracker\Calendar\2025\June\05-06-2025.md
2025-07-28 21:34:04,413 - INFO - Creating daily note for 2025-06-05 (no existing file)
2025-07-28 21:34:04,414 - INFO - Updating daily note for 2025-06-05 with 0 commits
2025-07-28 21:34:04,414 - INFO - Daily note does not exist: D:\Study tracker\Calendar\2025\June\05-06-2025.md
2025-07-28 21:34:04,415 - INFO - Creating new daily note for 2025-06-05
2025-07-28 21:34:04,415 - INFO - Writing daily note: D:\Study tracker\Calendar\2025\June\05-06-2025.md
2025-07-28 21:34:04,416 - INFO - Successfully updated daily note: D:\Study tracker\Calendar\2025\June\05-06-2025.md
2025-07-28 21:34:04,440 - INFO - Daily note already exists for 2025-06-06, adding GitHub section if missing
2025-07-28 21:34:04,441 - INFO - Daily note already exists for 2025-06-07, adding GitHub section if missing
2025-07-28 21:34:04,442 - INFO - Adding GitHub section to existing daily note for 2025-06-07
2025-07-28 21:34:04,443 - INFO - Updating daily note for 2025-06-07 with 0 commits
2025-07-28 21:34:04,444 - INFO - Updating existing daily note for 2025-06-07
2025-07-28 21:34:04,444 - INFO - Writing daily note: D:\Study tracker\Calendar\2025\June\07-06-2025.md
2025-07-28 21:34:04,446 - INFO - Successfully updated daily note: D:\Study tracker\Calendar\2025\June\07-06-2025.md
2025-07-28 21:34:04,448 - INFO - Daily note already exists for 2025-06-08, adding GitHub section if missing
2025-07-28 21:34:04,449 - INFO - Adding GitHub section to existing daily note for 2025-06-08
2025-07-28 21:34:04,450 - INFO - Updating daily note for 2025-06-08 with 0 commits
2025-07-28 21:34:04,454 - INFO - Updating existing daily note for 2025-06-08
2025-07-28 21:34:04,458 - INFO - Writing daily note: D:\Study tracker\Calendar\2025\June\08-06-2025.md
2025-07-28 21:34:04,460 - INFO - Successfully updated daily note: D:\Study tracker\Calendar\2025\June\08-06-2025.md
2025-07-28 21:34:04,461 - INFO - Daily note already exists for 2025-06-09, adding GitHub section if missing
2025-07-28 21:34:04,462 - INFO - Adding GitHub section to existing daily note for 2025-06-09
2025-07-28 21:34:04,463 - INFO - Updating daily note for 2025-06-09 with 0 commits
2025-07-28 21:34:04,463 - INFO - Updating existing daily note for 2025-06-09
2025-07-28 21:34:04,464 - INFO - Writing daily note: D:\Study tracker\Calendar\2025\June\09-06-2025.md
2025-07-28 21:34:04,465 - INFO - Successfully updated daily note: D:\Study tracker\Calendar\2025\June\09-06-2025.md
2025-07-28 21:34:04,466 - INFO - Daily note already exists for 2025-06-10, adding GitHub section if missing
2025-07-28 21:34:04,466 - INFO - Daily note already exists for 2025-06-11, adding GitHub section if missing
2025-07-28 21:34:04,467 - INFO - Adding GitHub section to existing daily note for 2025-06-11
2025-07-28 21:34:04,467 - INFO - Updating daily note for 2025-06-11 with 0 commits
2025-07-28 21:34:04,468 - INFO - Updating existing daily note for 2025-06-11
2025-07-28 21:34:04,468 - INFO - Writing daily note: D:\Study tracker\Calendar\2025\June\11-06-2025.md
2025-07-28 21:34:04,469 - INFO - Successfully updated daily note: D:\Study tracker\Calendar\2025\June\11-06-2025.md
2025-07-28 21:34:04,470 - INFO - Daily note already exists for 2025-06-12, adding GitHub section if missing
2025-07-28 21:34:04,470 - INFO - Adding GitHub section to existing daily note for 2025-06-12
2025-07-28 21:34:04,471 - INFO - Updating daily note for 2025-06-12 with 0 commits
2025-07-28 21:34:04,471 - INFO - Updating existing daily note for 2025-06-12
2025-07-28 21:34:04,472 - INFO - Writing daily note: D:\Study tracker\Calendar\2025\June\12-06-2025.md
2025-07-28 21:34:04,473 - INFO - Successfully updated daily note: D:\Study tracker\Calendar\2025\June\12-06-2025.md
2025-07-28 21:34:04,474 - INFO - Daily note already exists for 2025-06-13, adding GitHub section if missing
2025-07-28 21:34:04,475 - INFO - Adding GitHub section to existing daily note for 2025-06-13
2025-07-28 21:34:04,475 - INFO - Updating daily note for 2025-06-13 with 0 commits
2025-07-28 21:34:04,476 - INFO - Updating existing daily note for 2025-06-13
2025-07-28 21:34:04,478 - INFO - Writing daily note: D:\Study tracker\Calendar\2025\June\13-06-2025.md
2025-07-28 21:34:04,481 - INFO - Successfully updated daily note: D:\Study tracker\Calendar\2025\June\13-06-2025.md
2025-07-28 21:34:04,485 - INFO - Daily note already exists for 2025-06-14, adding GitHub section if missing
2025-07-28 21:34:04,486 - INFO - Adding GitHub section to existing daily note for 2025-06-14
2025-07-28 21:34:04,487 - INFO - Updating daily note for 2025-06-14 with 0 commits
2025-07-28 21:34:04,488 - INFO - Updating existing daily note for 2025-06-14
2025-07-28 21:34:04,488 - INFO - Writing daily note: D:\Study tracker\Calendar\2025\June\14-06-2025.md
2025-07-28 21:34:04,489 - INFO - Successfully updated daily note: D:\Study tracker\Calendar\2025\June\14-06-2025.md
2025-07-28 21:34:04,491 - INFO - Daily note already exists for 2025-06-15, adding GitHub section if missing
2025-07-28 21:34:04,492 - INFO - Adding GitHub section to existing daily note for 2025-06-15
2025-07-28 21:34:04,494 - INFO - Updating daily note for 2025-06-15 with 0 commits
2025-07-28 21:34:04,494 - INFO - Updating existing daily note for 2025-06-15
2025-07-28 21:34:04,495 - INFO - Writing daily note: D:\Study tracker\Calendar\2025\June\15-06-2025.md
2025-07-28 21:34:04,496 - INFO - Successfully updated daily note: D:\Study tracker\Calendar\2025\June\15-06-2025.md
2025-07-28 21:34:04,497 - INFO - Daily note already exists for 2025-06-16, adding GitHub section if missing
2025-07-28 21:34:04,498 - INFO - Adding GitHub section to existing daily note for 2025-06-16
2025-07-28 21:34:04,499 - INFO - Updating daily note for 2025-06-16 with 0 commits
2025-07-28 21:34:04,499 - INFO - Updating existing daily note for 2025-06-16
2025-07-28 21:34:04,500 - INFO - Writing daily note: D:\Study tracker\Calendar\2025\June\16-06-2025.md
2025-07-28 21:34:04,501 - INFO - Successfully updated daily note: D:\Study tracker\Calendar\2025\June\16-06-2025.md
2025-07-28 21:34:04,501 - INFO - Daily note already exists for 2025-06-17, adding GitHub section if missing
2025-07-28 21:34:04,502 - INFO - Adding GitHub section to existing daily note for 2025-06-17
2025-07-28 21:34:04,502 - INFO - Updating daily note for 2025-06-17 with 0 commits
2025-07-28 21:34:04,503 - INFO - Updating existing daily note for 2025-06-17
2025-07-28 21:34:04,503 - INFO - Writing daily note: D:\Study tracker\Calendar\2025\June\17-06-2025.md
2025-07-28 21:34:04,505 - INFO - Successfully updated daily note: D:\Study tracker\Calendar\2025\June\17-06-2025.md
2025-07-28 21:34:04,506 - INFO - Daily note already exists for 2025-06-18, adding GitHub section if missing
2025-07-28 21:34:04,509 - INFO - Adding GitHub section to existing daily note for 2025-06-18
2025-07-28 21:34:04,510 - INFO - Updating daily note for 2025-06-18 with 0 commits
2025-07-28 21:34:04,512 - INFO - Updating existing daily note for 2025-06-18
2025-07-28 21:34:04,513 - INFO - Writing daily note: D:\Study tracker\Calendar\2025\June\18-06-2025.md
2025-07-28 21:34:04,517 - INFO - Successfully updated daily note: D:\Study tracker\Calendar\2025\June\18-06-2025.md
2025-07-28 21:34:04,518 - INFO - Daily note already exists for 2025-06-19, adding GitHub section if missing
2025-07-28 21:34:04,519 - INFO - Adding GitHub section to existing daily note for 2025-06-19
2025-07-28 21:34:04,519 - INFO - Updating daily note for 2025-06-19 with 0 commits
2025-07-28 21:34:04,520 - INFO - Updating existing daily note for 2025-06-19
2025-07-28 21:34:04,520 - INFO - Writing daily note: D:\Study tracker\Calendar\2025\June\19-06-2025.md
2025-07-28 21:34:04,522 - INFO - Successfully updated daily note: D:\Study tracker\Calendar\2025\June\19-06-2025.md
2025-07-28 21:34:04,523 - INFO - Daily note already exists for 2025-06-20, adding GitHub section if missing
2025-07-28 21:34:04,525 - INFO - Adding GitHub section to existing daily note for 2025-06-20
2025-07-28 21:34:04,526 - INFO - Updating daily note for 2025-06-20 with 0 commits
2025-07-28 21:34:04,527 - INFO - Updating existing daily note for 2025-06-20
2025-07-28 21:34:04,527 - INFO - Writing daily note: D:\Study tracker\Calendar\2025\June\20-06-2025.md
2025-07-28 21:34:04,528 - INFO - Successfully updated daily note: D:\Study tracker\Calendar\2025\June\20-06-2025.md
2025-07-28 21:34:04,553 - INFO - Daily note already exists for 2025-06-21, adding GitHub section if missing
2025-07-28 21:34:04,554 - INFO - Daily note already exists for 2025-06-22, adding GitHub section if missing
2025-07-28 21:34:04,554 - INFO - Adding GitHub section to existing daily note for 2025-06-22
2025-07-28 21:34:04,554 - INFO - Updating daily note for 2025-06-22 with 0 commits
2025-07-28 21:34:04,555 - INFO - Updating existing daily note for 2025-06-22
2025-07-28 21:34:04,555 - INFO - Writing daily note: D:\Study tracker\Calendar\2025\June\22-06-2025.md
2025-07-28 21:34:04,557 - INFO - Successfully updated daily note: D:\Study tracker\Calendar\2025\June\22-06-2025.md
2025-07-28 21:34:04,562 - INFO - Daily note already exists for 2025-06-23, adding GitHub section if missing
2025-07-28 21:34:04,564 - INFO - Adding GitHub section to existing daily note for 2025-06-23
2025-07-28 21:34:04,566 - INFO - Updating daily note for 2025-06-23 with 0 commits
2025-07-28 21:34:04,569 - INFO - Updating existing daily note for 2025-06-23
2025-07-28 21:34:04,569 - INFO - Writing daily note: D:\Study tracker\Calendar\2025\June\23-06-2025.md
2025-07-28 21:34:04,571 - INFO - Successfully updated daily note: D:\Study tracker\Calendar\2025\June\23-06-2025.md
2025-07-28 21:34:04,608 - INFO - Daily note already exists for 2025-06-24, adding GitHub section if missing
2025-07-28 21:34:04,611 - INFO - Daily note already exists for 2025-06-25, adding GitHub section if missing
2025-07-28 21:34:04,614 - INFO - Adding GitHub section to existing daily note for 2025-06-25
2025-07-28 21:34:04,616 - INFO - Updating daily note for 2025-06-25 with 0 commits
2025-07-28 21:34:04,619 - INFO - Updating existing daily note for 2025-06-25
2025-07-28 21:34:04,620 - INFO - Writing daily note: D:\Study tracker\Calendar\2025\June\25-06-2025.md
2025-07-28 21:34:04,621 - INFO - Successfully updated daily note: D:\Study tracker\Calendar\2025\June\25-06-2025.md
2025-07-28 21:34:04,655 - INFO - Daily note already exists for 2025-06-26, adding GitHub section if missing
2025-07-28 21:34:04,657 - INFO - Daily note already exists for 2025-06-27, adding GitHub section if missing
2025-07-28 21:34:04,658 - INFO - Adding GitHub section to existing daily note for 2025-06-27
2025-07-28 21:34:04,658 - INFO - Updating daily note for 2025-06-27 with 0 commits
2025-07-28 21:34:04,659 - INFO - Updating existing daily note for 2025-06-27
2025-07-28 21:34:04,660 - INFO - Writing daily note: D:\Study tracker\Calendar\2025\June\27-06-2025.md
2025-07-28 21:34:04,661 - INFO - Successfully updated daily note: D:\Study tracker\Calendar\2025\June\27-06-2025.md
2025-07-28 21:34:04,662 - INFO - Daily note already exists for 2025-06-28, adding GitHub section if missing
2025-07-28 21:34:04,662 - INFO - Adding GitHub section to existing daily note for 2025-06-28
2025-07-28 21:34:04,662 - INFO - Updating daily note for 2025-06-28 with 0 commits
2025-07-28 21:34:04,663 - INFO - Updating existing daily note for 2025-06-28
2025-07-28 21:34:04,664 - INFO - Writing daily note: D:\Study tracker\Calendar\2025\June\28-06-2025.md
2025-07-28 21:34:04,665 - INFO - Successfully updated daily note: D:\Study tracker\Calendar\2025\June\28-06-2025.md
2025-07-28 21:34:04,689 - INFO - Daily note already exists for 2025-06-29, adding GitHub section if missing
2025-07-28 21:34:04,714 - INFO - Daily note already exists for 2025-06-30, adding GitHub section if missing
2025-07-28 21:34:04,743 - INFO - Daily note already exists for 2025-07-01, adding GitHub section if missing
2025-07-28 21:34:04,743 - INFO - Daily note does not exist: D:\Study tracker\Calendar\2025\July\02-07-2025.md
2025-07-28 21:34:04,744 - INFO - Creating daily note for 2025-07-02 (no existing file)
2025-07-28 21:34:04,744 - INFO - Updating daily note for 2025-07-02 with 0 commits
2025-07-28 21:34:04,745 - INFO - Daily note does not exist: D:\Study tracker\Calendar\2025\July\02-07-2025.md
2025-07-28 21:34:04,745 - INFO - Creating new daily note for 2025-07-02
2025-07-28 21:34:04,746 - INFO - Writing daily note: D:\Study tracker\Calendar\2025\July\02-07-2025.md
2025-07-28 21:34:04,748 - INFO - Successfully updated daily note: D:\Study tracker\Calendar\2025\July\02-07-2025.md
2025-07-28 21:34:04,775 - INFO - Daily note already exists for 2025-07-03, adding GitHub section if missing
2025-07-28 21:34:04,776 - INFO - Daily note does not exist: D:\Study tracker\Calendar\2025\July\04-07-2025.md
2025-07-28 21:34:04,777 - INFO - Creating daily note for 2025-07-04 (no existing file)
2025-07-28 21:34:04,778 - INFO - Updating daily note for 2025-07-04 with 0 commits
2025-07-28 21:34:04,778 - INFO - Daily note does not exist: D:\Study tracker\Calendar\2025\July\04-07-2025.md
2025-07-28 21:34:04,779 - INFO - Creating new daily note for 2025-07-04
2025-07-28 21:34:04,779 - INFO - Writing daily note: D:\Study tracker\Calendar\2025\July\04-07-2025.md
2025-07-28 21:34:04,780 - INFO - Successfully updated daily note: D:\Study tracker\Calendar\2025\July\04-07-2025.md
2025-07-28 21:34:04,811 - INFO - Daily note already exists for 2025-07-05, adding GitHub section if missing
2025-07-28 21:34:04,812 - INFO - Daily note already exists for 2025-07-06, adding GitHub section if missing
2025-07-28 21:34:04,812 - INFO - Adding GitHub section to existing daily note for 2025-07-06
2025-07-28 21:34:04,813 - INFO - Updating daily note for 2025-07-06 with 0 commits
2025-07-28 21:34:04,814 - INFO - Updating existing daily note for 2025-07-06
2025-07-28 21:34:04,814 - INFO - Writing daily note: D:\Study tracker\Calendar\2025\July\06-07-2025.md
2025-07-28 21:34:04,816 - INFO - Successfully updated daily note: D:\Study tracker\Calendar\2025\July\06-07-2025.md
2025-07-28 21:34:04,817 - INFO - Daily note already exists for 2025-07-07, adding GitHub section if missing
2025-07-28 21:34:04,817 - INFO - Adding GitHub section to existing daily note for 2025-07-07
2025-07-28 21:34:04,818 - INFO - Updating daily note for 2025-07-07 with 0 commits
2025-07-28 21:34:04,818 - INFO - Updating existing daily note for 2025-07-07
2025-07-28 21:34:04,819 - INFO - Writing daily note: D:\Study tracker\Calendar\2025\July\07-07-2025.md
2025-07-28 21:34:04,821 - INFO - Successfully updated daily note: D:\Study tracker\Calendar\2025\July\07-07-2025.md
2025-07-28 21:34:04,862 - INFO - Daily note already exists for 2025-07-08, adding GitHub section if missing
2025-07-28 21:34:04,864 - INFO - Daily note already exists for 2025-07-09, adding GitHub section if missing
2025-07-28 21:34:04,866 - INFO - Adding GitHub section to existing daily note for 2025-07-09
2025-07-28 21:34:04,867 - INFO - Updating daily note for 2025-07-09 with 0 commits
2025-07-28 21:34:04,869 - INFO - Updating existing daily note for 2025-07-09
2025-07-28 21:34:04,870 - INFO - Writing daily note: D:\Study tracker\Calendar\2025\July\09-07-2025.md
2025-07-28 21:34:04,871 - INFO - Successfully updated daily note: D:\Study tracker\Calendar\2025\July\09-07-2025.md
2025-07-28 21:34:04,899 - INFO - Daily note already exists for 2025-07-10, adding GitHub section if missing
2025-07-28 21:34:04,936 - INFO - Daily note already exists for 2025-07-11, adding GitHub section if missing
2025-07-28 21:34:04,937 - INFO - Daily note already exists for 2025-07-12, adding GitHub section if missing
2025-07-28 21:34:04,937 - INFO - Adding GitHub section to existing daily note for 2025-07-12
2025-07-28 21:34:04,938 - INFO - Updating daily note for 2025-07-12 with 0 commits
2025-07-28 21:34:04,938 - INFO - Updating existing daily note for 2025-07-12
2025-07-28 21:34:04,939 - INFO - Writing daily note: D:\Study tracker\Calendar\2025\July\12-07-2025.md
2025-07-28 21:34:04,941 - INFO - Successfully updated daily note: D:\Study tracker\Calendar\2025\July\12-07-2025.md
2025-07-28 21:34:04,944 - INFO - Daily note already exists for 2025-07-13, adding GitHub section if missing
2025-07-28 21:34:04,945 - INFO - Adding GitHub section to existing daily note for 2025-07-13
2025-07-28 21:34:04,947 - INFO - Updating daily note for 2025-07-13 with 0 commits
2025-07-28 21:34:04,951 - INFO - Updating existing daily note for 2025-07-13
2025-07-28 21:34:04,952 - INFO - Writing daily note: D:\Study tracker\Calendar\2025\July\13-07-2025.md
2025-07-28 21:34:04,953 - INFO - Successfully updated daily note: D:\Study tracker\Calendar\2025\July\13-07-2025.md
2025-07-28 21:34:04,954 - INFO - Daily note already exists for 2025-07-14, adding GitHub section if missing
2025-07-28 21:34:04,954 - INFO - Adding GitHub section to existing daily note for 2025-07-14
2025-07-28 21:34:04,955 - INFO - Updating daily note for 2025-07-14 with 0 commits
2025-07-28 21:34:04,956 - INFO - Updating existing daily note for 2025-07-14
2025-07-28 21:34:04,956 - INFO - Writing daily note: D:\Study tracker\Calendar\2025\July\14-07-2025.md
2025-07-28 21:34:04,958 - INFO - Successfully updated daily note: D:\Study tracker\Calendar\2025\July\14-07-2025.md
2025-07-28 21:34:04,959 - INFO - Daily note already exists for 2025-07-15, adding GitHub section if missing
2025-07-28 21:34:04,960 - INFO - Adding GitHub section to existing daily note for 2025-07-15
2025-07-28 21:34:04,960 - INFO - Updating daily note for 2025-07-15 with 0 commits
2025-07-28 21:34:04,961 - INFO - Updating existing daily note for 2025-07-15
2025-07-28 21:34:04,962 - INFO - Writing daily note: D:\Study tracker\Calendar\2025\July\15-07-2025.md
2025-07-28 21:34:04,962 - INFO - Successfully updated daily note: D:\Study tracker\Calendar\2025\July\15-07-2025.md
2025-07-28 21:34:04,963 - INFO - Daily note already exists for 2025-07-16, adding GitHub section if missing
2025-07-28 21:34:04,964 - INFO - Adding GitHub section to existing daily note for 2025-07-16
2025-07-28 21:34:04,964 - INFO - Updating daily note for 2025-07-16 with 0 commits
2025-07-28 21:34:04,965 - INFO - Updating existing daily note for 2025-07-16
2025-07-28 21:34:04,965 - INFO - Writing daily note: D:\Study tracker\Calendar\2025\July\16-07-2025.md
2025-07-28 21:34:04,966 - INFO - Successfully updated daily note: D:\Study tracker\Calendar\2025\July\16-07-2025.md
2025-07-28 21:34:05,000 - INFO - Daily note already exists for 2025-07-17, adding GitHub section if missing
2025-07-28 21:34:05,002 - INFO - Daily note already exists for 2025-07-18, adding GitHub section if missing
2025-07-28 21:34:05,002 - INFO - Adding GitHub section to existing daily note for 2025-07-18
2025-07-28 21:34:05,003 - INFO - Updating daily note for 2025-07-18 with 0 commits
2025-07-28 21:34:05,003 - INFO - Updating existing daily note for 2025-07-18
2025-07-28 21:34:05,004 - INFO - Writing daily note: D:\Study tracker\Calendar\2025\July\18-07-2025.md
2025-07-28 21:34:05,005 - INFO - Successfully updated daily note: D:\Study tracker\Calendar\2025\July\18-07-2025.md
2025-07-28 21:34:05,017 - INFO - Daily note does not exist: D:\Study tracker\Calendar\2025\July\19-07-2025.md
2025-07-28 21:34:05,019 - INFO - Creating daily note for 2025-07-19 (no existing file)
2025-07-28 21:34:05,020 - INFO - Updating daily note for 2025-07-19 with 0 commits
2025-07-28 21:34:05,021 - INFO - Daily note does not exist: D:\Study tracker\Calendar\2025\July\19-07-2025.md
2025-07-28 21:34:05,021 - INFO - Creating new daily note for 2025-07-19
2025-07-28 21:34:05,022 - INFO - Writing daily note: D:\Study tracker\Calendar\2025\July\19-07-2025.md
2025-07-28 21:34:05,028 - INFO - Successfully updated daily note: D:\Study tracker\Calendar\2025\July\19-07-2025.md
2025-07-28 21:34:05,029 - INFO - Daily note does not exist: D:\Study tracker\Calendar\2025\July\20-07-2025.md
2025-07-28 21:34:05,033 - INFO - Creating daily note for 2025-07-20 (no existing file)
2025-07-28 21:34:05,035 - INFO - Updating daily note for 2025-07-20 with 0 commits
2025-07-28 21:34:05,036 - INFO - Daily note does not exist: D:\Study tracker\Calendar\2025\July\20-07-2025.md
2025-07-28 21:34:05,037 - INFO - Creating new daily note for 2025-07-20
2025-07-28 21:34:05,037 - INFO - Writing daily note: D:\Study tracker\Calendar\2025\July\20-07-2025.md
2025-07-28 21:34:05,038 - INFO - Successfully updated daily note: D:\Study tracker\Calendar\2025\July\20-07-2025.md
2025-07-28 21:34:05,040 - INFO - Daily note does not exist: D:\Study tracker\Calendar\2025\July\21-07-2025.md
2025-07-28 21:34:05,041 - INFO - Creating daily note for 2025-07-21 (no existing file)
2025-07-28 21:34:05,042 - INFO - Updating daily note for 2025-07-21 with 0 commits
2025-07-28 21:34:05,043 - INFO - Daily note does not exist: D:\Study tracker\Calendar\2025\July\21-07-2025.md
2025-07-28 21:34:05,043 - INFO - Creating new daily note for 2025-07-21
2025-07-28 21:34:05,044 - INFO - Writing daily note: D:\Study tracker\Calendar\2025\July\21-07-2025.md
2025-07-28 21:34:05,045 - INFO - Successfully updated daily note: D:\Study tracker\Calendar\2025\July\21-07-2025.md
2025-07-28 21:34:05,045 - INFO - Daily note does not exist: D:\Study tracker\Calendar\2025\July\22-07-2025.md
2025-07-28 21:34:05,045 - INFO - Creating daily note for 2025-07-22 (no existing file)
2025-07-28 21:34:05,046 - INFO - Updating daily note for 2025-07-22 with 0 commits
2025-07-28 21:34:05,046 - INFO - Daily note does not exist: D:\Study tracker\Calendar\2025\July\22-07-2025.md
2025-07-28 21:34:05,047 - INFO - Creating new daily note for 2025-07-22
2025-07-28 21:34:05,047 - INFO - Writing daily note: D:\Study tracker\Calendar\2025\July\22-07-2025.md
2025-07-28 21:34:05,049 - INFO - Successfully updated daily note: D:\Study tracker\Calendar\2025\July\22-07-2025.md
2025-07-28 21:34:05,063 - INFO - Daily note already exists for 2025-07-23, adding GitHub section if missing
2025-07-28 21:34:05,064 - INFO - Daily note does not exist: D:\Study tracker\Calendar\2025\July\24-07-2025.md
2025-07-28 21:34:05,064 - INFO - Creating daily note for 2025-07-24 (no existing file)
2025-07-28 21:34:05,065 - INFO - Updating daily note for 2025-07-24 with 0 commits
2025-07-28 21:34:05,065 - INFO - Daily note does not exist: D:\Study tracker\Calendar\2025\July\24-07-2025.md
2025-07-28 21:34:05,066 - INFO - Creating new daily note for 2025-07-24
2025-07-28 21:34:05,066 - INFO - Writing daily note: D:\Study tracker\Calendar\2025\July\24-07-2025.md
2025-07-28 21:34:05,067 - INFO - Successfully updated daily note: D:\Study tracker\Calendar\2025\July\24-07-2025.md
2025-07-28 21:34:05,085 - INFO - Daily note already exists for 2025-07-25, adding GitHub section if missing
2025-07-28 21:34:05,086 - INFO - Daily note does not exist: D:\Study tracker\Calendar\2025\July\26-07-2025.md
2025-07-28 21:34:05,086 - INFO - Creating daily note for 2025-07-26 (no existing file)
2025-07-28 21:34:05,086 - INFO - Updating daily note for 2025-07-26 with 0 commits
2025-07-28 21:34:05,087 - INFO - Daily note does not exist: D:\Study tracker\Calendar\2025\July\26-07-2025.md
2025-07-28 21:34:05,087 - INFO - Creating new daily note for 2025-07-26
2025-07-28 21:34:05,088 - INFO - Writing daily note: D:\Study tracker\Calendar\2025\July\26-07-2025.md
2025-07-28 21:34:05,089 - INFO - Successfully updated daily note: D:\Study tracker\Calendar\2025\July\26-07-2025.md
2025-07-28 21:34:05,093 - INFO - Daily note does not exist: D:\Study tracker\Calendar\2025\July\27-07-2025.md
2025-07-28 21:34:05,094 - INFO - Creating daily note for 2025-07-27 (no existing file)
2025-07-28 21:34:05,095 - INFO - Updating daily note for 2025-07-27 with 0 commits
2025-07-28 21:34:05,097 - INFO - Daily note does not exist: D:\Study tracker\Calendar\2025\July\27-07-2025.md
2025-07-28 21:34:05,099 - INFO - Creating new daily note for 2025-07-27
2025-07-28 21:34:05,100 - INFO - Writing daily note: D:\Study tracker\Calendar\2025\July\27-07-2025.md
2025-07-28 21:34:05,102 - INFO - Successfully updated daily note: D:\Study tracker\Calendar\2025\July\27-07-2025.md
2025-07-28 21:34:05,103 - INFO - Daily note already exists for 2025-07-28, adding GitHub section if missing
2025-07-28 21:34:05,103 - INFO - Daily notes creation completed
2025-07-28 21:34:05,103 - INFO - Successfully updated all daily notes
2025-07-28 21:34:05,104 - INFO - Generating summary by date...
2025-07-28 21:34:05,105 - INFO - 2025-07-28: 3 commits, 2 repos, +4 -0 lines
2025-07-28 21:34:05,106 - INFO - 2025-07-25: 1 commits, 1 repos, +1145 -0 lines
2025-07-28 21:34:05,106 - INFO - 2025-07-23: 1 commits, 1 repos, +2701 -405 lines
2025-07-28 21:34:05,107 - INFO - 2025-07-17: 8 commits, 1 repos, +3108 -2594 lines
2025-07-28 21:34:05,107 - INFO - 2025-07-11: 4 commits, 1 repos, +776 -537 lines
2025-07-28 21:34:05,108 - INFO - 2025-07-10: 3 commits, 1 repos, +41 -107 lines
2025-07-28 21:34:05,109 - INFO - 2025-07-08: 5 commits, 2 repos, +6436 -2267 lines
2025-07-28 21:34:05,110 - INFO - 2025-07-05: 1 commits, 1 repos, +10 -9 lines
2025-07-28 21:34:05,110 - INFO - 2025-07-03: 1 commits, 1 repos, +57 -3 lines
2025-07-28 21:34:05,111 - INFO - 2025-07-01: 5 commits, 1 repos, +156 -6 lines
2025-07-28 21:34:05,112 - INFO - 2025-06-30: 4 commits, 1 repos, +85 -3 lines
2025-07-28 21:34:05,114 - INFO - 2025-06-29: 5 commits, 1 repos, +42 -10 lines
2025-07-28 21:34:05,117 - INFO - 2025-06-26: 8 commits, 2 repos, +636 -488 lines
2025-07-28 21:34:05,120 - INFO - 2025-06-24: 8 commits, 1 repos, +185 -107 lines
2025-07-28 21:34:05,121 - INFO - 2025-06-21: 2 commits, 1 repos, +156 -107 lines
2025-07-28 21:34:05,125 - INFO - 2025-06-10: 2 commits, 1 repos, +902 -48 lines
2025-07-28 21:34:05,126 - INFO - 2025-06-06: 1 commits, 1 repos, +290 -0 lines
2025-07-28 21:34:05,128 - INFO - Application completed successfully
2025-07-28 21:34:15,016 - INFO - Starting GitHub Statistics Tracker - Daily Update
2025-07-28 21:34:15,018 - INFO - Checking configuration for daily update...
2025-07-28 21:34:15,018 - INFO - Configuration check passed for daily update
2025-07-28 21:34:15,018 - INFO - Initializing GitHub statistics tracker...
2025-07-28 21:34:15,019 - INFO - Initializing Obsidian updater...
2025-07-28 21:34:15,020 - INFO - Processing commits for today: 2025-07-28
2025-07-28 21:34:15,020 - INFO - Fetching GitHub commits for today...
2025-07-28 21:34:15,020 - INFO - Starting to fetch commits for the last 1 days
2025-07-28 21:34:15,021 - INFO - Date range: 2025-07-27 to 2025-07-28
2025-07-28 21:34:15,021 - INFO - Fetching repositories for user: Rupali59
2025-07-28 21:34:16,030 - INFO - Found 19 repositories
2025-07-28 21:34:16,037 - INFO - Fetching commits for repository: AdminLTE
2025-07-28 21:34:16,038 - INFO - Date range: 2025-07-27 to 2025-07-28
2025-07-28 21:34:17,082 - INFO - Total commits found for AdminLTE: 0
2025-07-28 21:34:17,089 - INFO - Fetching commits for repository: coding-interview-university
2025-07-28 21:34:17,091 - INFO - Date range: 2025-07-27 to 2025-07-28
2025-07-28 21:34:18,107 - INFO - Total commits found for coding-interview-university: 0
2025-07-28 21:34:18,114 - INFO - Fetching commits for repository: dynamic-data
2025-07-28 21:34:18,115 - INFO - Date range: 2025-07-27 to 2025-07-28
2025-07-28 21:34:19,077 - INFO - Total commits found for dynamic-data: 0
2025-07-28 21:34:19,083 - INFO - Fetching commits for repository: geektrust-problems
2025-07-28 21:34:19,084 - INFO - Date range: 2025-07-27 to 2025-07-28
2025-07-28 21:34:20,021 - INFO - Total commits found for geektrust-problems: 0
2025-07-28 21:34:20,032 - INFO - Fetching commits for repository: Go
2025-07-28 21:34:20,033 - INFO - Date range: 2025-07-27 to 2025-07-28
2025-07-28 21:34:21,060 - INFO - Total commits found for Go: 0
2025-07-28 21:34:21,066 - INFO - Fetching commits for repository: iNeuron
2025-07-28 21:34:21,067 - INFO - Date range: 2025-07-27 to 2025-07-28
2025-07-28 21:34:21,989 - INFO - Total commits found for iNeuron: 0
2025-07-28 21:34:21,997 - INFO - Fetching commits for repository: learning
2025-07-28 21:34:21,998 - INFO - Date range: 2025-07-27 to 2025-07-28
2025-07-28 21:34:22,939 - INFO - Total commits found for learning: 0
2025-07-28 21:34:22,946 - INFO - Fetching commits for repository: Leetcode
2025-07-28 21:34:22,947 - INFO - Date range: 2025-07-27 to 2025-07-28
2025-07-28 21:34:24,027 - INFO - Total commits found for Leetcode: 0
2025-07-28 21:34:24,034 - INFO - Fetching commits for repository: parking_lot
2025-07-28 21:34:24,035 - INFO - Date range: 2025-07-27 to 2025-07-28
2025-07-28 21:34:24,986 - INFO - Total commits found for parking_lot: 0
2025-07-28 21:34:24,993 - INFO - Fetching commits for repository: personal_website
2025-07-28 21:34:24,994 - INFO - Date range: 2025-07-27 to 2025-07-28
2025-07-28 21:34:26,144 - INFO - Total commits found for personal_website: 0
2025-07-28 21:34:26,151 - INFO - Fetching commits for repository: pr-assignments
2025-07-28 21:34:26,152 - INFO - Date range: 2025-07-27 to 2025-07-28
2025-07-28 21:34:27,154 - INFO - Total commits found for pr-assignments: 0
2025-07-28 21:34:27,161 - INFO - Fetching commits for repository: ProgramSnippets
2025-07-28 21:34:27,162 - INFO - Date range: 2025-07-27 to 2025-07-28
2025-07-28 21:34:28,132 - INFO - Total commits found for ProgramSnippets: 0
2025-07-28 21:34:28,139 - INFO - Fetching commits for repository: quartz
2025-07-28 21:34:28,140 - INFO - Date range: 2025-07-27 to 2025-07-28
2025-07-28 21:34:29,151 - INFO - Total commits found for quartz: 2
2025-07-28 21:34:29,157 - INFO - Fetching commits for repository: rms-consolidated-scrips-status
2025-07-28 21:34:29,159 - INFO - Date range: 2025-07-27 to 2025-07-28
2025-07-28 21:34:30,215 - INFO - Total commits found for rms-consolidated-scrips-status: 0
2025-07-28 21:34:30,222 - INFO - Fetching commits for repository: Rupali59
2025-07-28 21:34:30,223 - INFO - Date range: 2025-07-27 to 2025-07-28
2025-07-28 21:34:31,224 - INFO - Total commits found for Rupali59: 0
2025-07-28 21:34:31,234 - INFO - Fetching commits for repository: system-design-primer
2025-07-28 21:34:31,235 - INFO - Date range: 2025-07-27 to 2025-07-28
2025-07-28 21:34:32,243 - INFO - Total commits found for system-design-primer: 0
2025-07-28 21:34:32,247 - INFO - Fetching commits for repository: SystemDesign
2025-07-28 21:34:32,248 - INFO - Date range: 2025-07-27 to 2025-07-28
2025-07-28 21:34:33,181 - INFO - Total commits found for SystemDesign: 0
2025-07-28 21:34:33,188 - INFO - Fetching commits for repository: TechBlogs
2025-07-28 21:34:33,190 - INFO - Date range: 2025-07-27 to 2025-07-28
2025-07-28 21:34:34,145 - INFO - Total commits found for TechBlogs: 0
2025-07-28 21:34:34,151 - INFO - Fetching commits for repository: tracker
2025-07-28 21:34:34,153 - INFO - Date range: 2025-07-27 to 2025-07-28
2025-07-28 21:34:35,135 - INFO - Total commits found for tracker: 1
2025-07-28 21:34:35,142 - INFO - Total commits collected: 3
2025-07-28 21:34:38,238 - INFO - Organized commits into 1 days
2025-07-28 21:34:38,239 - INFO -   2025-07-28: 3 commits
2025-07-28 21:34:38,241 - INFO - Found 3 commits across 2 repositories, +4 -0 lines
2025-07-28 21:34:38,243 - INFO - Updating today's daily note...
2025-07-28 21:34:38,244 - INFO - Updating daily note for 2025-07-28 with 3 commits
2025-07-28 21:34:38,246 - INFO - Updating existing daily note for 2025-07-28
2025-07-28 21:34:38,248 - INFO - Writing daily note: D:\Study tracker\Calendar\2025\July\28-07-2025.md
2025-07-28 21:34:38,251 - INFO - Successfully updated daily note: D:\Study tracker\Calendar\2025\July\28-07-2025.md
2025-07-28 21:34:38,252 - INFO - Successfully updated today's daily note
2025-07-28 21:38:43,656 - INFO - Starting GitHub Statistics Tracker for Obsidian
2025-07-28 21:38:43,657 - INFO - Checking configuration...
2025-07-28 21:38:43,658 - INFO - Configuration check passed
2025-07-28 21:38:43,658 - INFO - Initializing GitHub statistics tracker...
2025-07-28 21:38:43,658 - INFO - Initializing Obsidian updater...
2025-07-28 21:38:43,659 - INFO - Fetching GitHub commits for the last 60 days...
2025-07-28 21:38:43,659 - INFO - Starting to fetch commits for the last 60 days
2025-07-28 21:38:43,660 - INFO - Date range: 2025-05-29 to 2025-07-28
2025-07-28 21:38:43,660 - INFO - Fetching repositories for user: Rupali59
2025-07-28 21:38:44,667 - INFO - Found 19 repositories
2025-07-28 21:38:44,674 - INFO - Fetching commits for repository: AdminLTE
2025-07-28 21:38:44,675 - INFO - Date range: 2025-05-29 to 2025-07-28
2025-07-28 21:38:45,832 - INFO - Total commits found for AdminLTE: 0 (after filtering)
2025-07-28 21:38:45,839 - INFO - Fetching commits for repository: coding-interview-university
2025-07-28 21:38:45,840 - INFO - Date range: 2025-05-29 to 2025-07-28
2025-07-28 21:38:46,793 - INFO - Total commits found for coding-interview-university: 0 (after filtering)
2025-07-28 21:38:46,800 - INFO - Fetching commits for repository: dynamic-data
2025-07-28 21:38:46,801 - INFO - Date range: 2025-05-29 to 2025-07-28
2025-07-28 21:38:47,777 - INFO - Total commits found for dynamic-data: 0 (after filtering)
2025-07-28 21:38:47,783 - INFO - Fetching commits for repository: geektrust-problems
2025-07-28 21:38:47,784 - INFO - Date range: 2025-05-29 to 2025-07-28
2025-07-28 21:38:49,799 - INFO - Total commits found for geektrust-problems: 3 (after filtering)
2025-07-28 21:38:49,809 - INFO - Fetching commits for repository: Go
2025-07-28 21:38:49,811 - INFO - Date range: 2025-05-29 to 2025-07-28
2025-07-28 21:38:50,882 - INFO - Total commits found for Go: 0 (after filtering)
2025-07-28 21:38:50,892 - INFO - Fetching commits for repository: iNeuron
2025-07-28 21:38:50,895 - INFO - Date range: 2025-05-29 to 2025-07-28
2025-07-28 21:38:52,146 - INFO - Total commits found for iNeuron: 0 (after filtering)
2025-07-28 21:38:52,153 - INFO - Fetching commits for repository: learning
2025-07-28 21:38:52,154 - INFO - Date range: 2025-05-29 to 2025-07-28
2025-07-28 21:38:53,242 - INFO - Total commits found for learning: 0 (after filtering)
2025-07-28 21:38:53,249 - INFO - Fetching commits for repository: Leetcode
2025-07-28 21:38:53,250 - INFO - Date range: 2025-05-29 to 2025-07-28
2025-07-28 21:38:54,332 - INFO - Total commits found for Leetcode: 0 (after filtering)
2025-07-28 21:38:54,345 - INFO - Fetching commits for repository: parking_lot
2025-07-28 21:38:54,347 - INFO - Date range: 2025-05-29 to 2025-07-28
2025-07-28 21:38:55,329 - INFO - Total commits found for parking_lot: 0 (after filtering)
2025-07-28 21:38:55,332 - INFO - Fetching commits for repository: personal_website
2025-07-28 21:38:55,332 - INFO - Date range: 2025-05-29 to 2025-07-28
2025-07-28 21:38:56,367 - INFO - Total commits found for personal_website: 0 (after filtering)
2025-07-28 21:38:56,373 - INFO - Fetching commits for repository: pr-assignments
2025-07-28 21:38:56,374 - INFO - Date range: 2025-05-29 to 2025-07-28
2025-07-28 21:38:57,434 - INFO - Total commits found for pr-assignments: 0 (after filtering)
2025-07-28 21:38:57,442 - INFO - Fetching commits for repository: ProgramSnippets
2025-07-28 21:38:57,443 - INFO - Date range: 2025-05-29 to 2025-07-28
2025-07-28 21:38:58,390 - INFO - Total commits found for ProgramSnippets: 1 (after filtering)
2025-07-28 21:38:58,397 - INFO - Fetching commits for repository: quartz
2025-07-28 21:38:58,398 - INFO - Date range: 2025-05-29 to 2025-07-28
2025-07-28 21:38:59,704 - INFO - Total commits found for quartz: 5 (after filtering)
2025-07-28 21:38:59,710 - INFO - Fetching commits for repository: rms-consolidated-scrips-status
2025-07-28 21:38:59,711 - INFO - Date range: 2025-05-29 to 2025-07-28
2025-07-28 21:39:00,926 - INFO - Total commits found for rms-consolidated-scrips-status: 0 (after filtering)
2025-07-28 21:39:00,932 - INFO - Fetching commits for repository: Rupali59
2025-07-28 21:39:00,935 - INFO - Date range: 2025-05-29 to 2025-07-28
2025-07-28 21:39:02,066 - INFO - Total commits found for Rupali59: 2 (after filtering)
2025-07-28 21:39:02,070 - INFO - Fetching commits for repository: system-design-primer
2025-07-28 21:39:02,071 - INFO - Date range: 2025-05-29 to 2025-07-28
2025-07-28 21:39:03,054 - INFO - Total commits found for system-design-primer: 0 (after filtering)
2025-07-28 21:39:03,061 - INFO - Fetching commits for repository: SystemDesign
2025-07-28 21:39:03,062 - INFO - Date range: 2025-05-29 to 2025-07-28
2025-07-28 21:39:04,102 - INFO - Total commits found for SystemDesign: 0 (after filtering)
2025-07-28 21:39:04,109 - INFO - Fetching commits for repository: TechBlogs
2025-07-28 21:39:04,110 - INFO - Date range: 2025-05-29 to 2025-07-28
2025-07-28 21:39:05,253 - INFO - Total commits found for TechBlogs: 0 (after filtering)
2025-07-28 21:39:05,257 - INFO - Fetching commits for repository: tracker
2025-07-28 21:39:05,258 - INFO - Date range: 2025-05-29 to 2025-07-28
2025-07-28 21:39:06,347 - INFO - Total commits found for tracker: 1 (after filtering)
2025-07-28 21:39:06,354 - INFO - Total commits collected: 12
2025-07-28 21:39:19,127 - INFO - Organized commits into 7 days
2025-07-28 21:39:19,128 - INFO -   2025-06-10: 2 commits
2025-07-28 21:39:19,129 - INFO -   2025-06-06: 1 commits
2025-07-28 21:39:19,130 - INFO -   2025-07-08: 3 commits
2025-07-28 21:39:19,131 - INFO -   2025-07-17: 2 commits
2025-07-28 21:39:19,132 - INFO -   2025-07-10: 1 commits
2025-07-28 21:39:19,132 - INFO -   2025-06-24: 2 commits
2025-07-28 21:39:19,133 - INFO -   2025-07-28: 1 commits
2025-07-28 21:39:19,135 - INFO - Found 12 commits across 7 days
2025-07-28 21:39:19,136 - INFO - Starting to update Obsidian daily notes...
2025-07-28 21:39:19,138 - INFO - Starting backfill for 7 days
2025-07-28 21:39:19,190 - INFO - Processing 2025-06-10: 2 commits
2025-07-28 21:39:19,192 - INFO - Updating daily note for 2025-06-10 with 2 commits
2025-07-28 21:39:19,196 - INFO - Updating existing daily note for 2025-06-10
2025-07-28 21:39:19,197 - INFO - Writing daily note: D:\Study tracker\Calendar\2025\June\10-06-2025.md
2025-07-28 21:39:19,201 - INFO - Successfully updated daily note: D:\Study tracker\Calendar\2025\June\10-06-2025.md
2025-07-28 21:39:19,205 - INFO - Processing 2025-06-06: 1 commits
2025-07-28 21:39:19,208 - INFO - Updating daily note for 2025-06-06 with 1 commits
2025-07-28 21:39:19,210 - INFO - Updating existing daily note for 2025-06-06
2025-07-28 21:39:19,210 - INFO - Writing daily note: D:\Study tracker\Calendar\2025\June\06-06-2025.md
2025-07-28 21:39:19,211 - INFO - Successfully updated daily note: D:\Study tracker\Calendar\2025\June\06-06-2025.md
2025-07-28 21:39:19,212 - INFO - Processing 2025-07-08: 3 commits
2025-07-28 21:39:19,212 - INFO - Updating daily note for 2025-07-08 with 3 commits
2025-07-28 21:39:19,213 - INFO - Updating existing daily note for 2025-07-08
2025-07-28 21:39:19,213 - INFO - Writing daily note: D:\Study tracker\Calendar\2025\July\08-07-2025.md
2025-07-28 21:39:19,218 - INFO - Successfully updated daily note: D:\Study tracker\Calendar\2025\July\08-07-2025.md
2025-07-28 21:39:19,222 - INFO - Processing 2025-07-17: 2 commits
2025-07-28 21:39:19,223 - INFO - Updating daily note for 2025-07-17 with 2 commits
2025-07-28 21:39:19,224 - INFO - Updating existing daily note for 2025-07-17
2025-07-28 21:39:19,225 - INFO - Writing daily note: D:\Study tracker\Calendar\2025\July\17-07-2025.md
2025-07-28 21:39:19,226 - INFO - Successfully updated daily note: D:\Study tracker\Calendar\2025\July\17-07-2025.md
2025-07-28 21:39:19,227 - INFO - Processing 2025-07-10: 1 commits
2025-07-28 21:39:19,227 - INFO - Updating daily note for 2025-07-10 with 1 commits
2025-07-28 21:39:19,228 - INFO - Updating existing daily note for 2025-07-10
2025-07-28 21:39:19,228 - INFO - Writing daily note: D:\Study tracker\Calendar\2025\July\10-07-2025.md
2025-07-28 21:39:19,229 - INFO - Successfully updated daily note: D:\Study tracker\Calendar\2025\July\10-07-2025.md
2025-07-28 21:39:19,231 - INFO - Processing 2025-06-24: 2 commits
2025-07-28 21:39:19,235 - INFO - Updating daily note for 2025-06-24 with 2 commits
2025-07-28 21:39:19,236 - INFO - Updating existing daily note for 2025-06-24
2025-07-28 21:39:19,237 - INFO - Writing daily note: D:\Study tracker\Calendar\2025\June\24-06-2025.md
2025-07-28 21:39:19,238 - INFO - Successfully updated daily note: D:\Study tracker\Calendar\2025\June\24-06-2025.md
2025-07-28 21:39:19,239 - INFO - Processing 2025-07-28: 1 commits
2025-07-28 21:39:19,240 - INFO - Updating daily note for 2025-07-28 with 1 commits
2025-07-28 21:39:19,240 - INFO - Updating existing daily note for 2025-07-28
2025-07-28 21:39:19,246 - INFO - Writing daily note: D:\Study tracker\Calendar\2025\July\28-07-2025.md
2025-07-28 21:39:19,258 - INFO - Successfully updated daily note: D:\Study tracker\Calendar\2025\July\28-07-2025.md
2025-07-28 21:39:19,259 - INFO - Backfill completed
2025-07-28 21:39:19,259 - INFO - Creating daily notes for all days in range...
2025-07-28 21:39:19,260 - INFO - Creating daily notes for range: 2025-05-29 to 2025-07-28
2025-07-28 21:39:19,261 - INFO - Daily note already exists for 2025-05-29, adding GitHub section if missing
2025-07-28 21:39:19,262 - INFO - Daily note already exists for 2025-05-30, adding GitHub section if missing
2025-07-28 21:39:19,263 - INFO - Daily note already exists for 2025-05-31, adding GitHub section if missing
2025-07-28 21:39:19,263 - INFO - Daily note already exists for 2025-06-01, adding GitHub section if missing
2025-07-28 21:39:19,264 - INFO - Daily note already exists for 2025-06-02, adding GitHub section if missing
2025-07-28 21:39:19,267 - INFO - Daily note already exists for 2025-06-03, adding GitHub section if missing
2025-07-28 21:39:19,268 - INFO - Daily note already exists for 2025-06-04, adding GitHub section if missing
2025-07-28 21:39:19,268 - INFO - Daily note already exists for 2025-06-05, adding GitHub section if missing
2025-07-28 21:39:19,294 - INFO - Daily note already exists for 2025-06-06, adding GitHub section if missing
2025-07-28 21:39:19,297 - INFO - Daily note already exists for 2025-06-07, adding GitHub section if missing
2025-07-28 21:39:19,300 - INFO - Daily note already exists for 2025-06-08, adding GitHub section if missing
2025-07-28 21:39:19,301 - INFO - Daily note already exists for 2025-06-09, adding GitHub section if missing
2025-07-28 21:39:19,302 - INFO - Daily note already exists for 2025-06-10, adding GitHub section if missing
2025-07-28 21:39:19,303 - INFO - Daily note already exists for 2025-06-11, adding GitHub section if missing
2025-07-28 21:39:19,304 - INFO - Daily note already exists for 2025-06-12, adding GitHub section if missing
2025-07-28 21:39:19,305 - INFO - Daily note already exists for 2025-06-13, adding GitHub section if missing
2025-07-28 21:39:19,307 - INFO - Daily note already exists for 2025-06-14, adding GitHub section if missing
2025-07-28 21:39:19,309 - INFO - Daily note already exists for 2025-06-15, adding GitHub section if missing
2025-07-28 21:39:19,313 - INFO - Daily note already exists for 2025-06-16, adding GitHub section if missing
2025-07-28 21:39:19,315 - INFO - Daily note already exists for 2025-06-17, adding GitHub section if missing
2025-07-28 21:39:19,317 - INFO - Daily note already exists for 2025-06-18, adding GitHub section if missing
2025-07-28 21:39:19,318 - INFO - Daily note already exists for 2025-06-19, adding GitHub section if missing
2025-07-28 21:39:19,319 - INFO - Daily note already exists for 2025-06-20, adding GitHub section if missing
2025-07-28 21:39:19,320 - INFO - Daily note already exists for 2025-06-21, adding GitHub section if missing
2025-07-28 21:39:19,321 - INFO - Daily note already exists for 2025-06-22, adding GitHub section if missing
2025-07-28 21:39:19,322 - INFO - Daily note already exists for 2025-06-23, adding GitHub section if missing
2025-07-28 21:39:19,356 - INFO - Daily note already exists for 2025-06-24, adding GitHub section if missing
2025-07-28 21:39:19,357 - INFO - Daily note already exists for 2025-06-25, adding GitHub section if missing
2025-07-28 21:39:19,357 - INFO - Daily note already exists for 2025-06-26, adding GitHub section if missing
2025-07-28 21:39:19,358 - INFO - Daily note already exists for 2025-06-27, adding GitHub section if missing
2025-07-28 21:39:19,359 - INFO - Daily note already exists for 2025-06-28, adding GitHub section if missing
2025-07-28 21:39:19,359 - INFO - Daily note already exists for 2025-06-29, adding GitHub section if missing
2025-07-28 21:39:19,360 - INFO - Daily note already exists for 2025-06-30, adding GitHub section if missing
2025-07-28 21:39:19,365 - INFO - Daily note already exists for 2025-07-01, adding GitHub section if missing
2025-07-28 21:39:19,368 - INFO - Daily note already exists for 2025-07-02, adding GitHub section if missing
2025-07-28 21:39:19,370 - INFO - Daily note already exists for 2025-07-03, adding GitHub section if missing
2025-07-28 21:39:19,371 - INFO - Daily note already exists for 2025-07-04, adding GitHub section if missing
2025-07-28 21:39:19,372 - INFO - Daily note already exists for 2025-07-05, adding GitHub section if missing
2025-07-28 21:39:19,373 - INFO - Daily note already exists for 2025-07-06, adding GitHub section if missing
2025-07-28 21:39:19,374 - INFO - Daily note already exists for 2025-07-07, adding GitHub section if missing
2025-07-28 21:39:19,375 - INFO - Daily note already exists for 2025-07-08, adding GitHub section if missing
2025-07-28 21:39:19,376 - INFO - Daily note already exists for 2025-07-09, adding GitHub section if missing
2025-07-28 21:39:19,402 - INFO - Daily note already exists for 2025-07-10, adding GitHub section if missing
2025-07-28 21:39:19,404 - INFO - Daily note already exists for 2025-07-11, adding GitHub section if missing
2025-07-28 21:39:19,404 - INFO - Daily note already exists for 2025-07-12, adding GitHub section if missing
2025-07-28 21:39:19,405 - INFO - Daily note already exists for 2025-07-13, adding GitHub section if missing
2025-07-28 21:39:19,406 - INFO - Daily note already exists for 2025-07-14, adding GitHub section if missing
2025-07-28 21:39:19,407 - INFO - Daily note already exists for 2025-07-15, adding GitHub section if missing
2025-07-28 21:39:19,408 - INFO - Daily note already exists for 2025-07-16, adding GitHub section if missing
2025-07-28 21:39:19,410 - INFO - Daily note already exists for 2025-07-17, adding GitHub section if missing
2025-07-28 21:39:19,412 - INFO - Daily note already exists for 2025-07-18, adding GitHub section if missing
2025-07-28 21:39:19,413 - INFO - Daily note already exists for 2025-07-19, adding GitHub section if missing
2025-07-28 21:39:19,416 - INFO - Daily note already exists for 2025-07-20, adding GitHub section if missing
2025-07-28 21:39:19,417 - INFO - Daily note already exists for 2025-07-21, adding GitHub section if missing
2025-07-28 21:39:19,418 - INFO - Daily note already exists for 2025-07-22, adding GitHub section if missing
2025-07-28 21:39:19,419 - INFO - Daily note already exists for 2025-07-23, adding GitHub section if missing
2025-07-28 21:39:19,424 - INFO - Daily note already exists for 2025-07-24, adding GitHub section if missing
2025-07-28 21:39:19,428 - INFO - Daily note already exists for 2025-07-25, adding GitHub section if missing
2025-07-28 21:39:19,430 - INFO - Daily note already exists for 2025-07-26, adding GitHub section if missing
2025-07-28 21:39:19,431 - INFO - Daily note already exists for 2025-07-27, adding GitHub section if missing
2025-07-28 21:39:19,455 - INFO - Daily note already exists for 2025-07-28, adding GitHub section if missing
2025-07-28 21:39:19,455 - INFO - Daily notes creation completed
2025-07-28 21:39:19,456 - INFO - Successfully updated all daily notes
2025-07-28 21:39:19,457 - INFO - Generating summary by date...
2025-07-28 21:39:19,458 - INFO - 2025-07-28: 1 commits, 1 repos, +2 -0 lines
2025-07-28 21:39:19,458 - INFO - 2025-07-17: 2 commits, 1 repos, +1 -2 lines
2025-07-28 21:39:19,459 - INFO - 2025-07-10: 1 commits, 1 repos, +31 -0 lines
2025-07-28 21:39:19,460 - INFO - 2025-07-08: 3 commits, 2 repos, +6100 -2266 lines
2025-07-28 21:39:19,460 - INFO - 2025-06-24: 2 commits, 1 repos, +32 -0 lines
2025-07-28 21:39:19,461 - INFO - 2025-06-10: 2 commits, 1 repos, +902 -48 lines
2025-07-28 21:39:19,462 - INFO - 2025-06-06: 1 commits, 1 repos, +290 -0 lines
2025-07-28 21:39:19,462 - INFO - Application completed successfully
